<?xml version="1.0" encoding="UTF-8"?>
<!-- Generated by org.testng.reporters.JUnitXMLReporter -->
<testsuite ignored="0" hostname="SWARAJ" failures="2" tests="4" name="LoginTest" time="24.378" errors="0" timestamp="2024-07-31T10:35:34 IST">
  <testcase classname="tests.LoginTests" name="invalidLoginTest_InvalidUserNameInvalidPassword" time="5.707">
    <skipped/>
  </testcase> <!-- invalidLoginTest_InvalidUserNameInvalidPassword -->
  <testcase classname="tests.LoginTests" name="invalidLoginTest_InvalidUserNameInvalidPassword" time="5.08">
    <failure type="java.lang.AssertionError" message="expected:&amp;lt;&amp;gt; but was:&amp;lt;E-posta adresiniz veya şifreniz hatalı&amp;gt;">
      <![CDATA[java.lang.AssertionError: expected:<> but was:<E-posta adresiniz veya şifreniz hatalı>
at pages.LoginPage.verifyLoginPassword(LoginPage.java:56)
at tests.LoginTests.invalidLoginTest_InvalidUserNameInvalidPassword(LoginTests.java:24)
at java.base/java.util.ArrayList.forEach(ArrayList.java:1511)
... Removed 29 stack frames]]>
    </failure>
  </testcase> <!-- invalidLoginTest_InvalidUserNameInvalidPassword -->
  <testcase classname="tests.LoginTests" name="invalidLoginTest_EmptyUserEmptyPassword" time="3.457">
    <skipped/>
  </testcase> <!-- invalidLoginTest_EmptyUserEmptyPassword -->
  <testcase classname="tests.LoginTests" name="invalidLoginTest_EmptyUserEmptyPassword" time="3.086">
    <failure type="java.lang.AssertionError" message="expected:&amp;lt;Geçerli bir e-posta adresi girmelisin.&amp;gt; but was:&amp;lt;Lütfen e-posta adresinizi girin.&amp;gt;">
      <![CDATA[java.lang.AssertionError: expected:<Geçerli bir e-posta adresi girmelisin.> but was:<Lütfen e-posta adresinizi girin.>
at pages.LoginPage.verifyLoginUserName(LoginPage.java:47)
at tests.LoginTests.invalidLoginTest_EmptyUserEmptyPassword(LoginTests.java:39)
at java.base/java.util.ArrayList.forEach(ArrayList.java:1511)
... Removed 29 stack frames]]>
    </failure>
  </testcase> <!-- invalidLoginTest_EmptyUserEmptyPassword -->
</testsuite> <!-- LoginTest -->
